2020-07-04 11:40:53.357 - [HikariPool-2 housekeeper] [779] [WARN ] [com.zaxxer.hikari.pool.HikariPool] - HikariPool-2 - Thread starvation or clock leap detected (housekeeper delta=16h46m44s724ms495µs).
2020-07-04 11:43:28.355 - [RMI TCP Connection(2)-127.0.0.1] [159] [INFO ] [o.s.b.a.SpringApplicationAdminMXBeanRegistrar$SpringApplicationAdmin] - Application shutdown requested.
2020-07-04 11:43:28.359 - [RMI TCP Connection(2)-127.0.0.1] [208] [INFO ] [o.s.s.c.ThreadPoolTaskExecutor] - Shutting down ExecutorService 'applicationTaskExecutor'
2020-07-04 11:43:28.360 - [RMI TCP Connection(2)-127.0.0.1] [598] [INFO ] [o.s.o.j.LocalContainerEntityManagerFactoryBean] - Closing JPA EntityManagerFactory for persistence unit 'default'
2020-07-04 11:43:28.363 - [RMI TCP Connection(2)-127.0.0.1] [350] [INFO ] [com.zaxxer.hikari.HikariDataSource] - HikariPool-2 - Shutdown initiated...
2020-07-04 11:43:28.377 - [RMI TCP Connection(2)-127.0.0.1] [352] [INFO ] [com.zaxxer.hikari.HikariDataSource] - HikariPool-2 - Shutdown completed.
2020-07-04 12:05:05.671 - [restartedMain] [55] [INFO ] [com.harsimran.auth.WebApplication] - Starting WebApplication on harsimrasingh01 with PID 15972 (started by harsimransingh01 in D:\Nagarro 2 Assignment\springboot-registration-login)
2020-07-04 12:05:05.675 - [restartedMain] [655] [INFO ] [com.harsimran.auth.WebApplication] - The following profiles are active: local
2020-07-04 12:05:05.726 - [restartedMain] [225] [INFO ] [o.s.b.d.restart.ChangeableUrls] - The Class-Path manifest attribute in C:\Users\harsimransingh01\.m2\repository\org\glassfish\jaxb\jaxb-runtime\2.3.2\jaxb-runtime-2.3.2.jar referenced one or more files that do not exist: file:/C:/Users/harsimransingh01/.m2/repository/org/glassfish/jaxb/jaxb-runtime/2.3.2/jakarta.xml.bind-api-2.3.2.jar,file:/C:/Users/harsimransingh01/.m2/repository/org/glassfish/jaxb/jaxb-runtime/2.3.2/txw2-2.3.2.jar,file:/C:/Users/harsimransingh01/.m2/repository/org/glassfish/jaxb/jaxb-runtime/2.3.2/istack-commons-runtime-3.0.8.jar,file:/C:/Users/harsimransingh01/.m2/repository/org/glassfish/jaxb/jaxb-runtime/2.3.2/stax-ex-1.8.1.jar,file:/C:/Users/harsimransingh01/.m2/repository/org/glassfish/jaxb/jaxb-runtime/2.3.2/FastInfoset-1.2.16.jar,file:/C:/Users/harsimransingh01/.m2/repository/org/glassfish/jaxb/jaxb-runtime/2.3.2/jakarta.activation-api-1.2.1.jar
2020-07-04 12:05:05.727 - [restartedMain] [225] [INFO ] [o.s.b.d.e.DevToolsPropertyDefaultsPostProcessor] - Devtools property defaults active! Set 'spring.devtools.add-properties' to 'false' to disable
2020-07-04 12:05:05.727 - [restartedMain] [225] [INFO ] [o.s.b.d.e.DevToolsPropertyDefaultsPostProcessor] - For additional web related logging consider setting the 'logging.level.web' property to 'DEBUG'
2020-07-04 12:05:06.653 - [restartedMain] [127] [INFO ] [o.s.d.r.c.RepositoryConfigurationDelegate] - Bootstrapping Spring Data JPA repositories in DEFAULT mode.
2020-07-04 12:05:06.731 - [restartedMain] [187] [INFO ] [o.s.d.r.c.RepositoryConfigurationDelegate] - Finished Spring Data repository scanning in 70ms. Found 3 JPA repository interfaces.
2020-07-04 12:05:07.058 - [restartedMain] [330] [INFO ] [o.s.c.s.PostProcessorRegistrationDelegate$BeanPostProcessorChecker] - Bean 'org.springframework.transaction.annotation.ProxyTransactionManagementConfiguration' of type [org.springframework.transaction.annotation.ProxyTransactionManagementConfiguration] is not eligible for getting processed by all BeanPostProcessors (for example: not eligible for auto-proxying)
2020-07-04 12:05:07.457 - [restartedMain] [92] [INFO ] [o.s.b.w.e.tomcat.TomcatWebServer] - Tomcat initialized with port(s): 8080 (http)
2020-07-04 12:05:07.471 - [restartedMain] [173] [INFO ] [o.a.catalina.core.StandardService] - Starting service [Tomcat]
2020-07-04 12:05:07.472 - [restartedMain] [173] [INFO ] [o.a.catalina.core.StandardEngine] - Starting Servlet engine: [Apache Tomcat/9.0.30]
2020-07-04 12:05:07.891 - [restartedMain] [173] [INFO ] [org.apache.jasper.servlet.TldScanner] - At least one JAR was scanned for TLDs yet contained no TLDs. Enable debug logging for this logger for a complete list of JARs that were scanned but no TLDs were found in them. Skipping unneeded JARs during scanning can improve startup time and JSP compilation time.
2020-07-04 12:05:07.904 - [restartedMain] [173] [INFO ] [o.a.c.c.C.[Tomcat].[localhost].[/]] - Initializing Spring embedded WebApplicationContext
2020-07-04 12:05:07.905 - [restartedMain] [284] [INFO ] [o.s.web.context.ContextLoader] - Root WebApplicationContext: initialization completed in 2177 ms
2020-07-04 12:05:08.412 - [restartedMain] [31] [INFO ] [o.h.jpa.internal.util.LogHelper] - HHH000204: Processing PersistenceUnitInfo [name: default]
2020-07-04 12:05:08.526 - [restartedMain] [46] [INFO ] [org.hibernate.Version] - HHH000412: Hibernate Core {5.4.10.Final}
2020-07-04 12:05:08.774 - [restartedMain] [49] [INFO ] [o.h.annotations.common.Version] - HCANN000001: Hibernate Commons Annotations {5.1.0.Final}
2020-07-04 12:05:08.962 - [restartedMain] [110] [INFO ] [com.zaxxer.hikari.HikariDataSource] - HikariPool-1 - Starting...
2020-07-04 12:05:08.964 - [restartedMain] [70] [WARN ] [c.z.hikari.util.DriverDataSource] - Registered driver with driverClassName=com.mysql.jdbc.Driver was not found, trying direct instantiation.
2020-07-04 12:05:09.871 - [restartedMain] [123] [INFO ] [com.zaxxer.hikari.HikariDataSource] - HikariPool-1 - Start completed.
2020-07-04 12:05:09.902 - [restartedMain] [172] [INFO ] [org.hibernate.dialect.Dialect] - HHH000400: Using dialect: org.hibernate.dialect.MySQL57Dialect
2020-07-04 12:05:10.908 - [restartedMain] [52] [INFO ] [o.h.e.t.j.p.i.JtaPlatformInitiator] - HHH000490: Using JtaPlatform implementation: [org.hibernate.engine.transaction.jta.platform.internal.NoJtaPlatform]
2020-07-04 12:05:10.916 - [restartedMain] [416] [INFO ] [o.s.o.j.LocalContainerEntityManagerFactoryBean] - Initialized JPA EntityManagerFactory for persistence unit 'default'
2020-07-04 12:05:10.954 - [restartedMain] [58] [INFO ] [o.s.b.d.a.OptionalLiveReloadServer] - LiveReload server is running on port 35729
2020-07-04 12:05:11.000 - [restartedMain] [220] [WARN ] [o.s.b.a.o.j.JpaBaseConfiguration$JpaWebConfiguration] - spring.jpa.open-in-view is enabled by default. Therefore, database queries may be performed during view rendering. Explicitly configure spring.jpa.open-in-view to disable this warning
2020-07-04 12:05:11.677 - [restartedMain] [43] [INFO ] [o.s.s.web.DefaultSecurityFilterChain] - Creating filter chain: any request, [org.springframework.security.web.context.request.async.WebAsyncManagerIntegrationFilter@7235a149, org.springframework.security.web.context.SecurityContextPersistenceFilter@2b92ec85, org.springframework.security.web.header.HeaderWriterFilter@76e4d707, org.springframework.security.web.csrf.CsrfFilter@353d354b, org.springframework.security.web.authentication.logout.LogoutFilter@4ac8cf04, org.springframework.security.web.authentication.UsernamePasswordAuthenticationFilter@e2b923e, org.springframework.security.web.savedrequest.RequestCacheAwareFilter@6e87560f, org.springframework.security.web.servletapi.SecurityContextHolderAwareRequestFilter@37f94ec3, org.springframework.security.web.authentication.AnonymousAuthenticationFilter@2a2b673e, org.springframework.security.web.session.SessionManagementFilter@2d86d55a, org.springframework.security.web.access.ExceptionTranslationFilter@41b91531, org.springframework.security.web.access.intercept.FilterSecurityInterceptor@30f7b1e3]
2020-07-04 12:05:11.835 - [restartedMain] [171] [INFO ] [o.s.s.c.ThreadPoolTaskExecutor] - Initializing ExecutorService 'applicationTaskExecutor'
2020-07-04 12:05:12.325 - [restartedMain] [58] [INFO ] [o.s.b.a.e.web.EndpointLinksResolver] - Exposing 2 endpoint(s) beneath base path '/actuator'
2020-07-04 12:05:12.419 - [restartedMain] [204] [INFO ] [o.s.b.w.e.tomcat.TomcatWebServer] - Tomcat started on port(s): 8080 (http) with context path ''
2020-07-04 12:05:12.422 - [restartedMain] [61] [INFO ] [com.harsimran.auth.WebApplication] - Started WebApplication in 7.175 seconds (JVM running for 13.026)
2020-07-04 12:05:19.510 - [http-nio-8080-exec-1] [173] [INFO ] [o.a.c.c.C.[Tomcat].[localhost].[/]] - Initializing Spring DispatcherServlet 'dispatcherServlet'
2020-07-04 12:05:19.510 - [http-nio-8080-exec-1] [525] [INFO ] [o.s.web.servlet.DispatcherServlet] - Initializing Servlet 'dispatcherServlet'
2020-07-04 12:05:19.521 - [http-nio-8080-exec-1] [547] [INFO ] [o.s.web.servlet.DispatcherServlet] - Completed initialization in 11 ms
